# JRE version: OpenJDK Runtime Environment (17.0.6) (build 17.0.6+0-b2043.56-10027231)
# Java VM: OpenJDK 64-Bit Server VM (17.0.6+0-b2043.56-10027231, mixed mode, tiered, compressed oops, compressed class ptrs, g1 gc, windows-amd64)
GC Precious Log:
 CPUs: 8 total, 8 available
 Memory: 16226M
 Large Page Support: Disabled
 NUMA Support: Disabled
 Compressed Oops: Enabled (32-bit)
 Heap Region Size: 1M
 Heap Min Capacity: 8M
 Heap Initial Capacity: 254M
 Heap Max Capacity: 2G
 Pre-touch: Disabled
 Parallel Workers: 8
 Concurrent Workers: 2
 Concurrent Refinement Workers: 8
 Periodic GC: Disabled
Heap:
 garbage-first heap   total 192512K, used 155120K [0x0000000080000000, 0x0000000100000000)
  region size 1024K, 62 young (63488K), 8 survivors (8192K)
 Metaspace       used 103472K, committed 104256K, reserved 1138688K
  class space    used 14024K, committed 14400K, reserved 1048576K
GC Heap History (20 events):
Event: 17.072 GC heap after
{Heap after GC invocations=33 (full 0):
 garbage-first heap   total 99328K, used 58293K [0x0000000080000000, 0x0000000100000000)
  region size 1024K, 3 young (3072K), 3 survivors (3072K)
 Metaspace       used 69348K, committed 69824K, reserved 1114112K
  class space    used 9193K, committed 9408K, reserved 1048576K
}
Event: 17.236 GC heap before
{Heap before GC invocations=34 (full 0):
 garbage-first heap   total 102400K, used 62389K [0x0000000080000000, 0x0000000100000000)
  region size 1024K, 8 young (8192K), 3 survivors (3072K)
 Metaspace       used 69750K, committed 70336K, reserved 1114112K
  class space    used 9245K, committed 9536K, reserved 1048576K
}
Event: 17.240 GC heap after
{Heap after GC invocations=35 (full 0):
 garbage-first heap   total 102400K, used 59489K [0x0000000080000000, 0x0000000100000000)
  region size 1024K, 3 young (3072K), 3 survivors (3072K)
 Metaspace       used 69750K, committed 70336K, reserved 1114112K
  class space    used 9245K, committed 9536K, reserved 1048576K
}
Event: 17.336 GC heap before
{Heap before GC invocations=36 (full 0):
 garbage-first heap   total 116736K, used 71777K [0x0000000080000000, 0x0000000100000000)
  region size 1024K, 12 young (12288K), 3 survivors (3072K)
 Metaspace       used 69756K, committed 70336K, reserved 1114112K
  class space    used 9246K, committed 9536K, reserved 1048576K
}
Event: 17.341 GC heap after
{Heap after GC invocations=37 (full 0):
 garbage-first heap   total 192512K, used 65194K [0x0000000080000000, 0x0000000100000000)
  region size 1024K, 3 young (3072K), 3 survivors (3072K)
 Metaspace       used 69756K, committed 70336K, reserved 1114112K
  class space    used 9246K, committed 9536K, reserved 1048576K
}
Event: 18.960 GC heap before
{Heap before GC invocations=37 (full 0):
 garbage-first heap   total 192512K, used 124586K [0x0000000080000000, 0x0000000100000000)
  region size 1024K, 59 young (60416K), 3 survivors (3072K)
 Metaspace       used 75074K, committed 75712K, reserved 1122304K
  class space    used 9945K, committed 10240K, reserved 1048576K
}
Event: 18.965 GC heap after
{Heap after GC invocations=38 (full 0):
 garbage-first heap   total 192512K, used 64953K [0x0000000080000000, 0x0000000100000000)
  region size 1024K, 6 young (6144K), 6 survivors (6144K)
 Metaspace       used 75074K, committed 75712K, reserved 1122304K
  class space    used 9945K, committed 10240K, reserved 1048576K
}
Event: 20.454 GC heap before
{Heap before GC invocations=38 (full 0):
 garbage-first heap   total 192512K, used 131513K [0x0000000080000000, 0x0000000100000000)
  region size 1024K, 71 young (72704K), 6 survivors (6144K)
 Metaspace       used 81495K, committed 82112K, reserved 1122304K
  class space    used 10782K, committed 11072K, reserved 1048576K
}
Event: 20.463 GC heap after
{Heap after GC invocations=39 (full 0):
 garbage-first heap   total 192512K, used 69400K [0x0000000080000000, 0x0000000100000000)
  region size 1024K, 9 young (9216K), 9 survivors (9216K)
 Metaspace       used 81495K, committed 82112K, reserved 1122304K
  class space    used 10782K, committed 11072K, reserved 1048576K
}
Event: 22.403 GC heap before
{Heap before GC invocations=39 (full 0):
 garbage-first heap   total 192512K, used 143128K [0x0000000080000000, 0x0000000100000000)
  region size 1024K, 80 young (81920K), 9 survivors (9216K)
 Metaspace       used 89777K, committed 90368K, reserved 1130496K
  class space    used 12158K, committed 12416K, reserved 1048576K
}
Event: 22.413 GC heap after
{Heap after GC invocations=40 (full 0):
 garbage-first heap   total 192512K, used 73720K [0x0000000080000000, 0x0000000100000000)
  region size 1024K, 9 young (9216K), 9 survivors (9216K)
 Metaspace       used 89777K, committed 90368K, reserved 1130496K
  class space    used 12158K, committed 12416K, reserved 1048576K
}
Event: 24.093 GC heap before
{Heap before GC invocations=40 (full 0):
 garbage-first heap   total 192512K, used 145400K [0x0000000080000000, 0x0000000100000000)
  region size 1024K, 79 young (80896K), 9 survivors (9216K)
 Metaspace       used 97437K, committed 98112K, reserved 1138688K
  class space    used 13231K, committed 13568K, reserved 1048576K
}
Event: 24.106 GC heap after
{Heap after GC invocations=41 (full 0):
 garbage-first heap   total 192512K, used 79693K [0x0000000080000000, 0x0000000100000000)
  region size 1024K, 10 young (10240K), 10 survivors (10240K)
 Metaspace       used 97437K, committed 98112K, reserved 1138688K
  class space    used 13231K, committed 13568K, reserved 1048576K
}
Event: 25.414 GC heap before
{Heap before GC invocations=41 (full 0):
 garbage-first heap   total 192512K, used 149325K [0x0000000080000000, 0x0000000100000000)
  region size 1024K, 78 young (79872K), 10 survivors (10240K)
 Metaspace       used 99777K, committed 100416K, reserved 1138688K
  class space    used 13610K, committed 13888K, reserved 1048576K
}
Event: 25.431 GC heap after
{Heap after GC invocations=42 (full 0):
 garbage-first heap   total 192512K, used 89803K [0x0000000080000000, 0x0000000100000000)
  region size 1024K, 10 young (10240K), 10 survivors (10240K)
 Metaspace       used 99777K, committed 100416K, reserved 1138688K
  class space    used 13610K, committed 13888K, reserved 1048576K
}
Event: 26.846 GC heap before
{Heap before GC invocations=42 (full 0):
 garbage-first heap   total 192512K, used 149195K [0x0000000080000000, 0x0000000100000000)
  region size 1024K, 69 young (70656K), 10 survivors (10240K)
 Metaspace       used 100830K, committed 101504K, reserved 1138688K
  class space    used 13759K, committed 14080K, reserved 1048576K
}
Event: 26.857 GC heap after
{Heap after GC invocations=43 (full 0):
 garbage-first heap   total 192512K, used 94835K [0x0000000080000000, 0x0000000100000000)
  region size 1024K, 6 young (6144K), 6 survivors (6144K)
 Metaspace       used 100830K, committed 101504K, reserved 1138688K
  class space    used 13759K, committed 14080K, reserved 1048576K
}
Event: 28.060 GC heap before
{Heap before GC invocations=43 (full 0):
 garbage-first heap   total 192512K, used 151155K [0x0000000080000000, 0x0000000100000000)
  region size 1024K, 62 young (63488K), 6 survivors (6144K)
 Metaspace       used 101531K, committed 102208K, reserved 1138688K
  class space    used 13815K, committed 14144K, reserved 1048576K
}
Event: 28.068 GC heap after
{Heap after GC invocations=44 (full 0):
 garbage-first heap   total 192512K, used 98800K [0x0000000080000000, 0x0000000100000000)
  region size 1024K, 5 young (5120K), 5 survivors (5120K)
 Metaspace       used 101531K, committed 102208K, reserved 1138688K
  class space    used 13815K, committed 14144K, reserved 1048576K
}
Event: 29.068 GC heap before
{Heap before GC invocations=45 (full 0):
 garbage-first heap   total 192512K, used 154096K [0x0000000080000000, 0x0000000100000000)
  region size 1024K, 59 young (60416K), 5 survivors (5120K)
 Metaspace       used 103472K, committed 104256K, reserved 1138688K
  class space    used 14024K, committed 14400K, reserved 1048576K
}

